INFO: Motorola V3 está desligado
INFO: Motorola V3 está desligado
INFO: Motorola V3 está desligado
INFO: Motorola V3 está desligado
INFO: Motorola V3 foi conectado com Sucesso
INFO: Motorola V3 está desligado
INFO: Motorola V3 foi conectado com Sucesso
INFO: Motorola V3 está desligado
INFO: Motorola V3 foi conectado com Sucesso
INFO: Motorola V3 está desligado
INFO: Motorola V3 foi conectado com Sucesso
ERROR: Motorola V3 já está conectado
INFO: Motorola V3 foi desconectado com Sucesso
INFO: Motorola V3 está desligado
INFO: Motorola V3 foi conectado com Sucesso
ERROR: Motorola V3 já está conectado
INFO: Motorola V3 foi desconectado com Sucesso
INFO: Motorola V3 está desligadoINFO: Motorola V3 está desligado
INFO: Motorola V3 foi conectado com Sucesso
ERROR: Motorola V3 já está conectado
INFO: Motorola V3 foi desconectado com Sucesso
INFO: Motorola V3 está desligado
INFO: Motorola V3 está desligado
INFO: Motorola V3 foi conectado com Sucesso
ERROR: Motorola V3 já está conectado
INFO: Motorola V3 foi desconectado com Sucesso
INFO: Motorola V3 está desligado
INFO: Motorola V3 está desligado
ERROR: Motorola V3 está desligado
INFO: Motorola V3 foi conectado com Sucesso
ERROR: Motorola V3 já está conectado
INFO: Motorola V3 foi desconectado com Sucesso
ERROR: Motorola V3 está desligado
ERROR: Motorola V3 está desligado
